
[2025-06-14 14:00:14] [INFO] [__main__] - 2025-06-14 14:00:13 | SHORT işlemi gerçekleştirildi. | Sembol: COMPUSDT | Yön: SELL | Leverage: 10x | Margin: ISOLATED | Balance: 76.18 USDT
[2025-06-15 03:05:07] [INFO] [__main__] - 2025-06-15 03:05:07 | SHORT işlemi gerçekleştirildi. | Sembol: WCTUSDT | Yön: SELL | Leverage: 10x | Margin: ISOLATED | Balance: 77.27 USDT
[2025-06-16 02:38:04] [INFO] [__main__] - 2025-06-16 02:38:03 | SHORT işlemi gerçekleştirildi. | Sembol: COMPUSDT | Yön: SELL | Leverage: 10x | Margin: ISOLATED | Balance: 79.09 USDT
[2025-06-16 05:14:39] [INFO] [__main__] - 2025-06-16 05:14:39 | SHORT işlemi gerçekleştirildi. | Sembol: TIAUSDT | Yön: SELL | Leverage: 10x | Margin: ISOLATED | Balance: 80.23 USDT
[2025-06-17 01:41:20] [INFO] [__main__] - 2025-06-17 01:41:20 | LONG işlemi gerçekleştirildi. | Sembol: SUSHIUSDT | Yön: BUY | Leverage: 10x | Margin: ISOLATED | Balance: 82.14 USDT
[2025-06-17 01:43:33] [INFO] [__main__] - 2025-06-17 01:43:33 | LONG işlemi gerçekleştirildi. | Sembol: ORDIUSDT | Yön: BUY | Leverage: 10x | Margin: ISOLATED | Balance: 82.04 USDT
[2025-06-19 10:05:33] [WARNING] [__main__] - API bağlantısı başarısız. Kontrol edin.
[2025-06-19 10:05:35] [WARNING] [__main__] - API bağlantısı başarısız. Kontrol edin.
[2025-06-19 10:05:37] [WARNING] [__main__] - API bağlantısı başarısız. Kontrol edin.
[2025-06-19 10:05:39] [WARNING] [__main__] - API bağlantısı başarısız. Kontrol edin.
[2025-06-19 10:05:41] [WARNING] [__main__] - API bağlantısı başarısız. Kontrol edin.
[2025-06-19 10:05:43] [WARNING] [__main__] - API bağlantısı başarısız. Kontrol edin.
[2025-06-19 10:10:08] [WARNING] [__main__] - API bağlantısı başarısız. Kontrol edin.
[2025-06-21 00:02:43] [INFO] [__main__] - 2025-06-21 00:02:42 | LONG işlemi gerçekleştirildi. | Sembol: INITUSDT | Yön: BUY | Leverage: 10x | Margin: CROSS | Balance: 39.60 USDT
[2025-06-21 00:04:45] [INFO] [__main__] - 2025-06-21 00:04:44 | LONG işlemi gerçekleştirildi. | Sembol: UNIUSDT | Yön: BUY | Leverage: 10x | Margin: CROSS | Balance: 39.59 USDT
[2025-06-21 00:15:36] [INFO] [__main__] - 2025-06-21 00:15:35 | SHORT işlemi gerçekleştirildi. | Sembol: SEIUSDT | Yön: SELL | Leverage: 10x | Margin: ISOLATED | Balance: 39.36 USDT
[2025-06-21 01:00:52] [INFO] [__main__] - 2025-06-21 01:00:52 | SHORT işlemi gerçekleştirildi. | Sembol: PAXGUSDT | Yön: SELL | Leverage: 10x | Margin: ISOLATED | Balance: 39.69 USDT
[2025-06-21 01:07:35] [INFO] [__main__] - 2025-06-21 01:07:35 | LONG işlemi gerçekleştirildi. | Sembol: EPICUSDT | Yön: BUY | Leverage: 10x | Margin: ISOLATED | Balance: 39.69 USDT
[2025-06-21 01:18:54] [INFO] [__main__] - 2025-06-21 01:18:54 | LONG işlemi gerçekleştirildi. | Sembol: FUSDT | Yön: BUY | Leverage: 10x | Margin: ISOLATED | Balance: 39.63 USDT
[2025-06-21 01:30:02] [INFO] [__main__] - 2025-06-21 01:30:02 | LONG işlemi gerçekleştirildi. | Sembol: TUSDT | Yön: BUY | Leverage: 10x | Margin: ISOLATED | Balance: 40.03 USDT
[2025-06-21 01:34:07] [INFO] [__main__] - 2025-06-21 01:34:07 | LONG işlemi gerçekleştirildi. | Sembol: FUSDT | Yön: BUY | Leverage: 10x | Margin: ISOLATED | Balance: 40.00 USDT
[2025-06-21 01:38:55] [INFO] [__main__] - 2025-06-21 01:38:55 | LONG işlemi gerçekleştirildi. | Sembol: RESOLVUSDT | Yön: BUY | Leverage: 10x | Margin: ISOLATED | Balance: 40.00 USDT
[2025-06-21 01:42:54] [INFO] [__main__] - 2025-06-21 01:42:54 | LONG işlemi gerçekleştirildi. | Sembol: QUICKUSDT | Yön: BUY | Leverage: 10x | Margin: ISOLATED | Balance: 39.96 USDT
[2025-06-21 01:47:46] [INFO] [__main__] - 2025-06-21 01:47:46 | LONG işlemi gerçekleştirildi. | Sembol: TRBUSDT | Yön: BUY | Leverage: 10x | Margin: ISOLATED | Balance: 40.35 USDT
[2025-06-21 02:01:21] [INFO] [__main__] - 2025-06-21 02:01:20 | LONG işlemi gerçekleştirildi. | Sembol: MUBARAKUSDT | Yön: BUY | Leverage: 10x | Margin: ISOLATED | Balance: 40.75 USDT
[2025-06-21 02:16:17] [INFO] [__main__] - 2025-06-21 02:16:17 | LONG işlemi gerçekleştirildi. | Sembol: SUSDT | Yön: BUY | Leverage: 10x | Margin: ISOLATED | Balance: 39.15 USDT
[2025-06-21 02:17:47] [INFO] [__main__] - 2025-06-21 02:17:46 | LONG işlemi gerçekleştirildi. | Sembol: SUSDT | Yön: BUY | Leverage: 10x | Margin: ISOLATED | Balance: 39.15 USDT
[2025-06-21 02:19:28] [INFO] [__main__] - 2025-06-21 02:19:28 | LONG işlemi gerçekleştirildi. | Sembol: ARBUSDT | Yön: BUY | Leverage: 10x | Margin: ISOLATED | Balance: 39.15 USDT
[2025-06-21 02:20:58] [INFO] [__main__] - 2025-06-21 02:20:57 | LONG işlemi gerçekleştirildi. | Sembol: SUSDT | Yön: BUY | Leverage: 10x | Margin: ISOLATED | Balance: 39.15 USDT
[2025-06-21 02:22:28] [INFO] [__main__] - 2025-06-21 02:22:27 | LONG işlemi gerçekleştirildi. | Sembol: SUSDT | Yön: BUY | Leverage: 10x | Margin: ISOLATED | Balance: 39.15 USDT
[2025-06-21 02:23:57] [INFO] [__main__] - 2025-06-21 02:23:57 | LONG işlemi gerçekleştirildi. | Sembol: SUSDT | Yön: BUY | Leverage: 10x | Margin: ISOLATED | Balance: 39.15 USDT
[2025-06-21 02:25:28] [INFO] [__main__] - 2025-06-21 02:25:28 | LONG işlemi gerçekleştirildi. | Sembol: SUSDT | Yön: BUY | Leverage: 10x | Margin: ISOLATED | Balance: 39.15 USDT
[2025-06-21 02:26:58] [INFO] [__main__] - 2025-06-21 02:26:57 | LONG işlemi gerçekleştirildi. | Sembol: SUSDT | Yön: BUY | Leverage: 10x | Margin: ISOLATED | Balance: 39.15 USDT
[2025-06-21 02:28:28] [INFO] [__main__] - 2025-06-21 02:28:27 | LONG işlemi gerçekleştirildi. | Sembol: SUSDT | Yön: BUY | Leverage: 10x | Margin: ISOLATED | Balance: 39.15 USDT
[2025-06-21 02:29:58] [INFO] [__main__] - 2025-06-21 02:29:57 | LONG işlemi gerçekleştirildi. | Sembol: SUSDT | Yön: BUY | Leverage: 10x | Margin: ISOLATED | Balance: 39.15 USDT
[2025-06-21 02:31:30] [INFO] [__main__] - 2025-06-21 02:31:30 | LONG işlemi gerçekleştirildi. | Sembol: FUSDT | Yön: BUY | Leverage: 10x | Margin: ISOLATED | Balance: 39.15 USDT
[2025-06-21 02:33:03] [INFO] [__main__] - 2025-06-21 02:33:03 | LONG işlemi gerçekleştirildi. | Sembol: FUSDT | Yön: BUY | Leverage: 10x | Margin: ISOLATED | Balance: 39.15 USDT
[2025-06-21 02:47:04] [INFO] [__main__] - 2025-06-21 02:47:04 | LONG işlemi gerçekleştirildi. | Sembol: BIDUSDT | Yön: BUY | Leverage: 10x | Margin: ISOLATED | Balance: 39.51 USDT
[2025-06-21 02:49:39] [INFO] [__main__] - 2025-06-21 02:49:38 | LONG işlemi gerçekleştirildi. | Sembol: HAEDALUSDT | Yön: BUY | Leverage: 10x | Margin: ISOLATED | Balance: 39.51 USDT
[2025-06-21 02:56:40] [INFO] [__main__] - 2025-06-21 02:56:40 | LONG işlemi gerçekleştirildi. | Sembol: AGTUSDT | Yön: BUY | Leverage: 10x | Margin: ISOLATED | Balance: 39.92 USDT
[2025-06-21 02:59:19] [INFO] [__main__] - 2025-06-21 02:59:19 | LONG işlemi gerçekleştirildi. | Sembol: HAEDALUSDT | Yön: BUY | Leverage: 10x | Margin: ISOLATED | Balance: 39.90 USDT
[2025-06-21 03:06:25] [INFO] [__main__] - 2025-06-21 03:06:25 | LONG işlemi gerçekleştirildi. | Sembol: AGTUSDT | Yön: BUY | Leverage: 10x | Margin: ISOLATED | Balance: 39.44 USDT
[2025-06-21 03:13:47] [INFO] [__main__] - 2025-06-21 03:13:47 | LONG işlemi gerçekleştirildi. | Sembol: HAEDALUSDT | Yön: BUY | Leverage: 10x | Margin: ISOLATED | Balance: 39.41 USDT
[2025-06-21 03:18:26] [INFO] [__main__] - 2025-06-21 03:18:26 | LONG işlemi gerçekleştirildi. | Sembol: BIDUSDT | Yön: BUY | Leverage: 10x | Margin: ISOLATED | Balance: 39.39 USDT
[2025-06-21 03:23:05] [INFO] [__main__] - 2025-06-21 03:23:05 | LONG işlemi gerçekleştirildi. | Sembol: BIDUSDT | Yön: BUY | Leverage: 10x | Margin: ISOLATED | Balance: 39.78 USDT
[2025-06-21 03:31:11] [INFO] [__main__] - 2025-06-21 03:31:11 | LONG işlemi gerçekleştirildi. | Sembol: 1000000BOBUSDT | Yön: BUY | Leverage: 10x | Margin: ISOLATED | Balance: 38.18 USDT
[2025-06-21 03:32:55] [INFO] [__main__] - 2025-06-21 03:32:54 | SHORT işlemi gerçekleştirildi. | Sembol: USUALUSDT | Yön: SELL | Leverage: 10x | Margin: ISOLATED | Balance: 36.63 USDT
[2025-06-21 03:35:09] [INFO] [__main__] - 2025-06-21 03:35:09 | LONG işlemi gerçekleştirildi. | Sembol: BIDUSDT | Yön: BUY | Leverage: 10x | Margin: ISOLATED | Balance: 36.63 USDT
[2025-06-21 03:37:28] [INFO] [__main__] - 2025-06-21 03:37:28 | LONG işlemi gerçekleştirildi. | Sembol: BIDUSDT | Yön: BUY | Leverage: 10x | Margin: ISOLATED | Balance: 36.97 USDT
[2025-06-21 03:40:12] [INFO] [__main__] - 2025-06-21 03:40:12 | LONG işlemi gerçekleştirildi. | Sembol: 1000000BOBUSDT | Yön: BUY | Leverage: 10x | Margin: ISOLATED | Balance: 37.31 USDT
[2025-06-21 03:44:48] [INFO] [__main__] - 2025-06-21 03:44:47 | LONG işlemi gerçekleştirildi. | Sembol: BIDUSDT | Yön: BUY | Leverage: 10x | Margin: ISOLATED | Balance: 37.29 USDT
[2025-06-21 03:58:49] [INFO] [__main__] - 2025-06-21 03:58:48 | LONG işlemi gerçekleştirildi. | Sembol: AGTUSDT | Yön: BUY | Leverage: 10x | Margin: ISOLATED | Balance: 37.73 USDT
[2025-06-21 04:15:12] [INFO] [__main__] - 2025-06-21 04:15:12 | LONG işlemi gerçekleştirildi. | Sembol: AGTUSDT | Yön: BUY | Leverage: 10x | Margin: ISOLATED | Balance: 38.45 USDT
[2025-06-21 04:17:42] [INFO] [__main__] - 2025-06-21 04:17:41 | LONG işlemi gerçekleştirildi. | Sembol: BCHUSDT | Yön: BUY | Leverage: 10x | Margin: ISOLATED | Balance: 38.43 USDT
[2025-06-21 04:20:00] [INFO] [__main__] - 2025-06-21 04:19:59 | SHORT işlemi gerçekleştirildi. | Sembol: SEIUSDT | Yön: SELL | Leverage: 10x | Margin: ISOLATED | Balance: 38.43 USDT
[2025-06-21 04:31:28] [INFO] [__main__] - 2025-06-21 04:31:28 | LONG işlemi gerçekleştirildi. | Sembol: BMTUSDT | Yön: BUY | Leverage: 10x | Margin: ISOLATED | Balance: 38.43 USDT
[2025-06-21 04:33:30] [INFO] [__main__] - 2025-06-21 04:33:30 | LONG işlemi gerçekleştirildi. | Sembol: BMTUSDT | Yön: BUY | Leverage: 10x | Margin: ISOLATED | Balance: 38.43 USDT
[2025-06-21 04:35:32] [INFO] [__main__] - 2025-06-21 04:35:32 | LONG işlemi gerçekleştirildi. | Sembol: BMTUSDT | Yön: BUY | Leverage: 10x | Margin: ISOLATED | Balance: 38.43 USDT
[2025-06-21 04:54:03] [INFO] [__main__] - 2025-06-21 04:54:03 | LONG işlemi gerçekleştirildi. | Sembol: BMTUSDT | Yön: BUY | Leverage: 10x | Margin: ISOLATED | Balance: 38.43 USDT
[2025-06-21 04:56:06] [INFO] [__main__] - 2025-06-21 04:56:06 | LONG işlemi gerçekleştirildi. | Sembol: BMTUSDT | Yön: BUY | Leverage: 10x | Margin: ISOLATED | Balance: 38.43 USDT
[2025-06-21 05:00:29] [INFO] [__main__] - 2025-06-21 05:00:29 | LONG işlemi gerçekleştirildi. | Sembol: BMTUSDT | Yön: BUY | Leverage: 10x | Margin: ISOLATED | Balance: 38.43 USDT
[2025-06-21 05:02:00] [INFO] [__main__] - 2025-06-21 05:01:59 | SHORT işlemi gerçekleştirildi. | Sembol: MUBARAKUSDT | Yön: SELL | Leverage: 10x | Margin: ISOLATED | Balance: 38.43 USDT
[2025-06-21 05:03:30] [INFO] [__main__] - 2025-06-21 05:03:30 | SHORT işlemi gerçekleştirildi. | Sembol: MUBARAKUSDT | Yön: SELL | Leverage: 10x | Margin: ISOLATED | Balance: 38.43 USDT
[2025-06-21 05:05:00] [INFO] [__main__] - 2025-06-21 05:05:00 | SHORT işlemi gerçekleştirildi. | Sembol: MUBARAKUSDT | Yön: SELL | Leverage: 10x | Margin: ISOLATED | Balance: 38.43 USDT
[2025-06-21 05:06:31] [INFO] [__main__] - 2025-06-21 05:06:31 | SHORT işlemi gerçekleştirildi. | Sembol: MUBARAKUSDT | Yön: SELL | Leverage: 10x | Margin: ISOLATED | Balance: 38.43 USDT
[2025-06-21 05:08:01] [INFO] [__main__] - 2025-06-21 05:08:01 | SHORT işlemi gerçekleştirildi. | Sembol: MUBARAKUSDT | Yön: SELL | Leverage: 10x | Margin: ISOLATED | Balance: 38.43 USDT
[2025-06-21 05:09:32] [INFO] [__main__] - 2025-06-21 05:09:32 | SHORT işlemi gerçekleştirildi. | Sembol: MUBARAKUSDT | Yön: SELL | Leverage: 10x | Margin: ISOLATED | Balance: 38.43 USDT
[2025-06-21 05:11:02] [INFO] [__main__] - 2025-06-21 05:11:02 | SHORT işlemi gerçekleştirildi. | Sembol: MUBARAKUSDT | Yön: SELL | Leverage: 10x | Margin: ISOLATED | Balance: 38.43 USDT
[2025-06-21 05:12:33] [INFO] [__main__] - 2025-06-21 05:12:33 | SHORT işlemi gerçekleştirildi. | Sembol: MUBARAKUSDT | Yön: SELL | Leverage: 10x | Margin: ISOLATED | Balance: 38.43 USDT
[2025-06-21 05:14:03] [INFO] [__main__] - 2025-06-21 05:14:03 | SHORT işlemi gerçekleştirildi. | Sembol: MUBARAKUSDT | Yön: SELL | Leverage: 10x | Margin: ISOLATED | Balance: 38.43 USDT
[2025-06-21 05:16:06] [INFO] [__main__] - 2025-06-21 05:16:06 | LONG işlemi gerçekleştirildi. | Sembol: BMTUSDT | Yön: BUY | Leverage: 10x | Margin: ISOLATED | Balance: 38.43 USDT
[2025-06-21 05:18:08] [INFO] [__main__] - 2025-06-21 05:18:08 | LONG işlemi gerçekleştirildi. | Sembol: BMTUSDT | Yön: BUY | Leverage: 10x | Margin: ISOLATED | Balance: 38.43 USDT
[2025-06-21 05:20:12] [INFO] [__main__] - 2025-06-21 05:20:11 | LONG işlemi gerçekleştirildi. | Sembol: BMTUSDT | Yön: BUY | Leverage: 10x | Margin: ISOLATED | Balance: 38.43 USDT
[2025-06-21 05:22:14] [INFO] [__main__] - 2025-06-21 05:22:14 | LONG işlemi gerçekleştirildi. | Sembol: BMTUSDT | Yön: BUY | Leverage: 10x | Margin: ISOLATED | Balance: 38.43 USDT
[2025-06-21 05:24:17] [INFO] [__main__] - 2025-06-21 05:24:16 | LONG işlemi gerçekleştirildi. | Sembol: BMTUSDT | Yön: BUY | Leverage: 10x | Margin: ISOLATED | Balance: 38.43 USDT
[2025-06-21 05:26:19] [INFO] [__main__] - 2025-06-21 05:26:19 | LONG işlemi gerçekleştirildi. | Sembol: BMTUSDT | Yön: BUY | Leverage: 10x | Margin: ISOLATED | Balance: 38.43 USDT
[2025-06-21 05:27:51] [INFO] [__main__] - 2025-06-21 05:27:51 | SHORT işlemi gerçekleştirildi. | Sembol: HUMAUSDT | Yön: SELL | Leverage: 10x | Margin: ISOLATED | Balance: 38.43 USDT
[2025-06-21 05:29:54] [INFO] [__main__] - 2025-06-21 05:29:53 | LONG işlemi gerçekleştirildi. | Sembol: BMTUSDT | Yön: BUY | Leverage: 10x | Margin: ISOLATED | Balance: 38.43 USDT
[2025-06-21 05:34:35] [INFO] [__main__] - 2025-06-21 05:34:35 | SHORT işlemi gerçekleştirildi. | Sembol: AERGOUSDT | Yön: SELL | Leverage: 10x | Margin: ISOLATED | Balance: 38.43 USDT
[2025-06-21 05:36:54] [INFO] [__main__] - 2025-06-21 05:36:53 | SHORT işlemi gerçekleştirildi. | Sembol: NEIROUSDT | Yön: SELL | Leverage: 10x | Margin: ISOLATED | Balance: 38.43 USDT
[2025-06-21 05:39:29] [INFO] [__main__] - 2025-06-21 05:39:28 | SHORT işlemi gerçekleştirildi. | Sembol: 1000PEPEUSDT | Yön: SELL | Leverage: 10x | Margin: ISOLATED | Balance: 38.43 USDT
[2025-06-21 05:41:52] [INFO] [__main__] - 2025-06-21 05:41:52 | SHORT işlemi gerçekleştirildi. | Sembol: NEIROUSDT | Yön: SELL | Leverage: 10x | Margin: ISOLATED | Balance: 36.90 USDT
[2025-06-21 05:44:13] [INFO] [__main__] - 2025-06-21 05:44:12 | SHORT işlemi gerçekleştirildi. | Sembol: AERGOUSDT | Yön: SELL | Leverage: 10x | Margin: ISOLATED | Balance: 36.90 USDT
[2025-06-21 05:46:14] [INFO] [__main__] - 2025-06-21 05:46:13 | SHORT işlemi gerçekleştirildi. | Sembol: PNUTUSDT | Yön: SELL | Leverage: 10x | Margin: ISOLATED | Balance: 36.90 USDT
[2025-06-21 05:47:45] [INFO] [__main__] - 2025-06-21 05:47:45 | SHORT işlemi gerçekleştirildi. | Sembol: HUMAUSDT | Yön: SELL | Leverage: 10x | Margin: ISOLATED | Balance: 36.90 USDT
[2025-06-21 05:49:17] [INFO] [__main__] - 2025-06-21 05:49:16 | SHORT işlemi gerçekleştirildi. | Sembol: HUMAUSDT | Yön: SELL | Leverage: 10x | Margin: ISOLATED | Balance: 36.90 USDT
[2025-06-21 05:50:48] [INFO] [__main__] - 2025-06-21 05:50:48 | SHORT işlemi gerçekleştirildi. | Sembol: HUMAUSDT | Yön: SELL | Leverage: 10x | Margin: ISOLATED | Balance: 36.90 USDT
[2025-06-21 05:52:54] [INFO] [__main__] - 2025-06-21 05:52:54 | SHORT işlemi gerçekleştirildi. | Sembol: PNUTUSDT | Yön: SELL | Leverage: 10x | Margin: ISOLATED | Balance: 37.24 USDT
[2025-06-21 05:56:47] [INFO] [__main__] - 2025-06-21 05:56:47 | SHORT işlemi gerçekleştirildi. | Sembol: HUMAUSDT | Yön: SELL | Leverage: 10x | Margin: ISOLATED | Balance: 37.24 USDT
[2025-06-21 05:58:19] [INFO] [__main__] - 2025-06-21 05:58:19 | SHORT işlemi gerçekleştirildi. | Sembol: HUMAUSDT | Yön: SELL | Leverage: 10x | Margin: ISOLATED | Balance: 37.24 USDT
[2025-06-21 05:59:51] [INFO] [__main__] - 2025-06-21 05:59:50 | SHORT işlemi gerçekleştirildi. | Sembol: HUMAUSDT | Yön: SELL | Leverage: 10x | Margin: ISOLATED | Balance: 37.24 USDT
[2025-06-21 06:01:23] [INFO] [__main__] - 2025-06-21 06:01:23 | SHORT işlemi gerçekleştirildi. | Sembol: FUNUSDT | Yön: SELL | Leverage: 10x | Margin: ISOLATED | Balance: 37.24 USDT
[2025-06-21 06:05:14] [INFO] [__main__] - 2025-06-21 06:05:14 | SHORT işlemi gerçekleştirildi. | Sembol: TURBOUSDT | Yön: SELL | Leverage: 10x | Margin: ISOLATED | Balance: 37.24 USDT
[2025-06-21 06:09:06] [INFO] [__main__] - 2025-06-21 06:09:05 | SHORT işlemi gerçekleştirildi. | Sembol: FUNUSDT | Yön: SELL | Leverage: 10x | Margin: ISOLATED | Balance: 37.24 USDT
[2025-06-21 06:10:37] [INFO] [__main__] - 2025-06-21 06:10:37 | SHORT işlemi gerçekleştirildi. | Sembol: FUNUSDT | Yön: SELL | Leverage: 10x | Margin: ISOLATED | Balance: 37.24 USDT
[2025-06-21 06:12:08] [INFO] [__main__] - 2025-06-21 06:12:08 | SHORT işlemi gerçekleştirildi. | Sembol: FUNUSDT | Yön: SELL | Leverage: 10x | Margin: ISOLATED | Balance: 37.24 USDT
[2025-06-21 06:14:29] [INFO] [__main__] - 2025-06-21 06:14:28 | SHORT işlemi gerçekleştirildi. | Sembol: NEIROUSDT | Yön: SELL | Leverage: 10x | Margin: ISOLATED | Balance: 37.24 USDT
[2025-06-21 06:16:00] [INFO] [__main__] - 2025-06-21 06:15:59 | SHORT işlemi gerçekleştirildi. | Sembol: FUNUSDT | Yön: SELL | Leverage: 10x | Margin: ISOLATED | Balance: 37.24 USDT
[2025-06-21 06:17:44] [INFO] [__main__] - 2025-06-21 06:17:44 | SHORT işlemi gerçekleştirildi. | Sembol: LPTUSDT | Yön: SELL | Leverage: 10x | Margin: ISOLATED | Balance: 37.24 USDT
[2025-06-21 06:19:16] [INFO] [__main__] - 2025-06-21 06:19:16 | SHORT işlemi gerçekleştirildi. | Sembol: FUNUSDT | Yön: SELL | Leverage: 10x | Margin: ISOLATED | Balance: 37.24 USDT
[2025-06-21 06:20:47] [INFO] [__main__] - 2025-06-21 06:20:47 | SHORT işlemi gerçekleştirildi. | Sembol: FUNUSDT | Yön: SELL | Leverage: 10x | Margin: ISOLATED | Balance: 37.24 USDT
[2025-06-21 07:03:09] [INFO] [__main__] - 2025-06-21 07:03:08 | SHORT işlemi gerçekleştirildi. | Sembol: SIRENUSDT | Yön: SELL | Leverage: 10x | Margin: ISOLATED | Balance: 36.22 USDT
[2025-06-21 07:05:51] [INFO] [__main__] - 2025-06-21 07:05:51 | SHORT işlemi gerçekleştirildi. | Sembol: SIRENUSDT | Yön: SELL | Leverage: 10x | Margin: ISOLATED | Balance: 36.58 USDT
[2025-06-21 07:17:32] [INFO] [__main__] - 2025-06-21 07:17:32 | SHORT işlemi gerçekleştirildi. | Sembol: SIRENUSDT | Yön: SELL | Leverage: 10x | Margin: ISOLATED | Balance: 36.58 USDT
[2025-06-21 07:20:17] [INFO] [__main__] - 2025-06-21 07:20:17 | SHORT işlemi gerçekleştirildi. | Sembol: SIRENUSDT | Yön: SELL | Leverage: 10x | Margin: ISOLATED | Balance: 36.57 USDT
[2025-06-21 07:23:03] [INFO] [__main__] - 2025-06-21 07:23:02 | SHORT işlemi gerçekleştirildi. | Sembol: SIRENUSDT | Yön: SELL | Leverage: 10x | Margin: ISOLATED | Balance: 34.85 USDT
[2025-06-21 07:25:45] [INFO] [__main__] - 2025-06-21 07:25:45 | SHORT işlemi gerçekleştirildi. | Sembol: SIRENUSDT | Yön: SELL | Leverage: 10x | Margin: ISOLATED | Balance: 33.33 USDT
[2025-06-21 07:30:47] [INFO] [__main__] - 2025-06-21 07:30:47 | LONG işlemi gerçekleştirildi. | Sembol: APTUSDT | Yön: BUY | Leverage: 10x | Margin: ISOLATED | Balance: 35.08 USDT
[2025-06-21 07:34:02] [INFO] [__main__] - 2025-06-21 07:34:02 | LONG işlemi gerçekleştirildi. | Sembol: LAYERUSDT | Yön: BUY | Leverage: 10x | Margin: ISOLATED | Balance: 35.03 USDT
[2025-06-21 08:03:02] [INFO] [__main__] - 2025-06-21 08:03:02 | LONG işlemi gerçekleştirildi. | Sembol: APTUSDT | Yön: BUY | Leverage: 10x | Margin: ISOLATED | Balance: 34.09 USDT
[2025-06-21 08:08:04] [INFO] [__main__] - 2025-06-21 08:08:04 | LONG işlemi gerçekleştirildi. | Sembol: APTUSDT | Yön: BUY | Leverage: 10x | Margin: ISOLATED | Balance: 34.49 USDT
[2025-06-21 08:29:01] [INFO] [__main__] - 2025-06-21 08:29:01 | LONG işlemi gerçekleştirildi. | Sembol: PENGUUSDT | Yön: BUY | Leverage: 10x | Margin: ISOLATED | Balance: 34.84 USDT
[2025-06-21 08:31:01] [INFO] [__main__] - 2025-06-21 08:31:01 | LONG işlemi gerçekleştirildi. | Sembol: TRUMPUSDT | Yön: BUY | Leverage: 10x | Margin: ISOLATED | Balance: 34.80 USDT
[2025-06-21 08:40:08] [INFO] [__main__] - 2025-06-21 08:40:08 | LONG işlemi gerçekleştirildi. | Sembol: APTUSDT | Yön: BUY | Leverage: 10x | Margin: CROSS | Balance: 34.81 USDT
[2025-06-21 10:00:41] [INFO] [__main__] - 2025-06-21 10:00:41 | LONG işlemi gerçekleştirildi. | Sembol: TRXUSDT | Yön: BUY | Leverage: 10x | Margin: CROSS | Balance: 35.08 USDT
[2025-06-21 13:40:47] [INFO] [__main__] - 2025-06-21 13:40:47 | LONG işlemi gerçekleştirildi. | Sembol: TUSDT | Yön: BUY | Leverage: 10x | Margin: CROSS | Balance: 34.89 USDT
[2025-06-21 15:03:01] [INFO] [__main__] - 2025-06-21 15:03:01 | LONG işlemi gerçekleştirildi. | Sembol: SOPHUSDT | Yön: BUY | Leverage: 10x | Margin: CROSS | Balance: 35.24 USDT
[2025-06-21 15:06:21] [INFO] [__main__] - 2025-06-21 15:06:21 | LONG işlemi gerçekleştirildi. | Sembol: SOPHUSDT | Yön: BUY | Leverage: 10x | Margin: CROSS | Balance: 35.60 USDT
[2025-06-21 15:11:21] [INFO] [__main__] - 2025-06-21 15:11:21 | LONG işlemi gerçekleştirildi. | Sembol: SOPHUSDT | Yön: BUY | Leverage: 10x | Margin: CROSS | Balance: 35.87 USDT
[2025-06-21 15:57:06] [INFO] [__main__] - 2025-06-21 15:57:06 | SHORT işlemi gerçekleştirildi. | Sembol: 1000PEPEUSDT | Yön: SELL | Leverage: 10x | Margin: CROSS | Balance: 35.81 USDT
[2025-06-21 16:36:29] [INFO] [__main__] - 2025-06-21 16:36:29 | SHORT işlemi gerçekleştirildi. | Sembol: JUPUSDT | Yön: SELL | Leverage: 10x | Margin: CROSS | Balance: 32.81 USDT
[2025-06-21 16:42:03] [INFO] [__main__] - 2025-06-21 16:42:03 | SHORT işlemi gerçekleştirildi. | Sembol: TRBUSDT | Yön: SELL | Leverage: 10x | Margin: CROSS | Balance: 32.77 USDT
[2025-06-21 16:47:47] [INFO] [__main__] - 2025-06-21 16:47:47 | SHORT işlemi gerçekleştirildi. | Sembol: ALGOUSDT | Yön: SELL | Leverage: 10x | Margin: CROSS | Balance: 33.54 USDT
[2025-06-21 16:53:19] [INFO] [__main__] - 2025-06-21 16:53:19 | SHORT işlemi gerçekleştirildi. | Sembol: XRPUSDT | Yön: SELL | Leverage: 10x | Margin: CROSS | Balance: 33.53 USDT
[2025-06-21 16:58:51] [INFO] [__main__] - 2025-06-21 16:58:50 | SHORT işlemi gerçekleştirildi. | Sembol: JTOUSDT | Yön: SELL | Leverage: 10x | Margin: CROSS | Balance: 33.49 USDT
[2025-06-21 17:41:43] [INFO] [__main__] - 2025-06-21 17:41:43 | SHORT işlemi gerçekleştirildi. | Sembol: TUTUSDT | Yön: SELL | Leverage: 25x | Margin: CROSS | Balance: 33.05 USDT
[2025-06-22 23:16:16] [INFO] [__main__] - 2025-06-22 23:16:15 | LONG işlemi gerçekleştirildi. | Sembol: APEUSDT | Yön: BUY | Leverage: 10x | Margin: CROSS | Balance: 29.41 USDT
[2025-06-22 23:21:33] [INFO] [__main__] - 2025-06-22 23:21:33 | LONG işlemi gerçekleştirildi. | Sembol: TAOUSDT | Yön: BUY | Leverage: 10x | Margin: CROSS | Balance: 29.40 USDT
[2025-06-22 23:23:37] [INFO] [__main__] - 2025-06-22 23:23:36 | LONG işlemi gerçekleştirildi. | Sembol: UNIUSDT | Yön: BUY | Leverage: 10x | Margin: CROSS | Balance: 29.52 USDT
[2025-06-22 23:26:17] [INFO] [__main__] - 2025-06-22 23:26:17 | LONG işlemi gerçekleştirildi. | Sembol: AAVEUSDT | Yön: BUY | Leverage: 10x | Margin: CROSS | Balance: 29.52 USDT
[2025-06-22 23:32:59] [INFO] [__main__] - 2025-06-22 23:32:59 | LONG işlemi gerçekleştirildi. | Sembol: SUIUSDT | Yön: BUY | Leverage: 10x | Margin: CROSS | Balance: 29.64 USDT
[2025-06-22 23:35:40] [INFO] [__main__] - 2025-06-22 23:35:40 | LONG işlemi gerçekleştirildi. | Sembol: ATOMUSDT | Yön: BUY | Leverage: 10x | Margin: CROSS | Balance: 29.74 USDT
[2025-06-22 23:37:23] [INFO] [__main__] - 2025-06-22 23:37:23 | LONG işlemi gerçekleştirildi. | Sembol: JTOUSDT | Yön: BUY | Leverage: 10x | Margin: CROSS | Balance: 30.01 USDT
[2025-06-22 23:40:29] [INFO] [__main__] - 2025-06-22 23:40:29 | LONG işlemi gerçekleştirildi. | Sembol: TRXUSDT | Yön: BUY | Leverage: 10x | Margin: CROSS | Balance: 30.28 USDT
[2025-06-23 01:32:38] [INFO] [__main__] - 2025-06-23 01:32:38 | SHORT işlemi gerçekleştirildi. | Sembol: SIRENUSDT | Yön: SELL | Leverage: 25x | Margin: CROSS | Balance: 30.40 USDT
[2025-06-23 01:35:17] [INFO] [__main__] - 2025-06-23 01:35:16 | SHORT işlemi gerçekleştirildi. | Sembol: NEWTUSDT | Yön: SELL | Leverage: 25x | Margin: CROSS | Balance: 30.40 USDT
[2025-06-23 01:37:54] [INFO] [__main__] - 2025-06-23 01:37:54 | SHORT işlemi gerçekleştirildi. | Sembol: NEWTUSDT | Yön: SELL | Leverage: 25x | Margin: CROSS | Balance: 30.40 USDT
[2025-06-23 01:45:12] [INFO] [__main__] - 2025-06-23 01:45:12 | SHORT işlemi gerçekleştirildi. | Sembol: LQTYUSDT | Yön: SELL | Leverage: 25x | Margin: CROSS | Balance: 30.40 USDT
[2025-06-23 02:00:34] [INFO] [__main__] - 2025-06-23 02:00:33 | SHORT işlemi gerçekleştirildi. | Sembol: KAIAUSDT | Yön: SELL | Leverage: 25x | Margin: CROSS | Balance: 29.44 USDT
[2025-06-23 02:02:57] [INFO] [__main__] - 2025-06-23 02:02:56 | SHORT işlemi gerçekleştirildi. | Sembol: MKRUSDT | Yön: SELL | Leverage: 25x | Margin: CROSS | Balance: 29.39 USDT
[2025-06-23 02:04:25] [INFO] [__main__] - 2025-06-23 02:04:25 | SHORT işlemi gerçekleştirildi. | Sembol: SYRUPUSDT | Yön: SELL | Leverage: 25x | Margin: CROSS | Balance: 29.69 USDT
[2025-06-23 02:06:50] [INFO] [__main__] - 2025-06-23 02:06:50 | SHORT işlemi gerçekleştirildi. | Sembol: MKRUSDT | Yön: SELL | Leverage: 25x | Margin: CROSS | Balance: 29.87 USDT
[2025-06-23 02:09:15] [INFO] [__main__] - 2025-06-23 02:09:14 | SHORT işlemi gerçekleştirildi. | Sembol: WLDUSDT | Yön: SELL | Leverage: 25x | Margin: CROSS | Balance: 29.83 USDT
[2025-06-23 02:11:48] [INFO] [__main__] - 2025-06-23 02:11:47 | SHORT işlemi gerçekleştirildi. | Sembol: BIDUSDT | Yön: SELL | Leverage: 25x | Margin: CROSS | Balance: 29.83 USDT
[2025-06-23 02:14:01] [INFO] [__main__] - 2025-06-23 02:14:01 | SHORT işlemi gerçekleştirildi. | Sembol: INJUSDT | Yön: SELL | Leverage: 25x | Margin: CROSS | Balance: 29.99 USDT
[2025-06-23 02:17:32] [INFO] [__main__] - 2025-06-23 02:17:32 | SHORT işlemi gerçekleştirildi. | Sembol: SYRUPUSDT | Yön: SELL | Leverage: 25x | Margin: CROSS | Balance: 30.19 USDT
[2025-06-23 02:19:00] [INFO] [__main__] - 2025-06-23 02:19:00 | SHORT işlemi gerçekleştirildi. | Sembol: HYPEUSDT | Yön: SELL | Leverage: 25x | Margin: CROSS | Balance: 30.33 USDT
[2025-06-23 02:21:08] [INFO] [__main__] - 2025-06-23 02:21:07 | SHORT işlemi gerçekleştirildi. | Sembol: GOATUSDT | Yön: SELL | Leverage: 25x | Margin: CROSS | Balance: 30.53 USDT
[2025-06-23 03:39:10] [INFO] [__main__] - 2025-06-23 03:39:10 | SHORT işlemi gerçekleştirildi. | Sembol: AUSDT | Yön: SELL | Leverage: 25x | Margin: CROSS | Balance: 29.26 USDT
[2025-06-23 03:47:16] [INFO] [__main__] - 2025-06-23 03:47:15 | SHORT işlemi gerçekleştirildi. | Sembol: XLMUSDT | Yön: SELL | Leverage: 25x | Margin: CROSS | Balance: 28.04 USDT
[2025-06-23 03:52:03] [INFO] [__main__] - 2025-06-23 03:52:03 | SHORT işlemi gerçekleştirildi. | Sembol: AVAXUSDT | Yön: SELL | Leverage: 25x | Margin: CROSS | Balance: 28.21 USDT
[2025-06-23 03:56:32] [INFO] [__main__] - 2025-06-23 03:56:32 | SHORT işlemi gerçekleştirildi. | Sembol: SUSDT | Yön: SELL | Leverage: 25x | Margin: CROSS | Balance: 28.38 USDT
[2025-06-23 03:59:53] [INFO] [__main__] - 2025-06-23 03:59:52 | SHORT işlemi gerçekleştirildi. | Sembol: BMTUSDT | Yön: SELL | Leverage: 25x | Margin: CROSS | Balance: 28.55 USDT
[2025-06-23 04:03:35] [INFO] [__main__] - 2025-06-23 04:03:35 | SHORT işlemi gerçekleştirildi. | Sembol: PENGUUSDT | Yön: SELL | Leverage: 25x | Margin: CROSS | Balance: 28.69 USDT
[2025-06-23 04:10:32] [INFO] [__main__] - 2025-06-23 04:10:32 | SHORT işlemi gerçekleştirildi. | Sembol: MUBARAKUSDT | Yön: SELL | Leverage: 25x | Margin: CROSS | Balance: 28.83 USDT
[2025-06-23 04:22:56] [INFO] [__main__] - 2025-06-23 04:22:56 | LONG işlemi gerçekleştirildi. | Sembol: PAXGUSDT | Yön: BUY | Leverage: 25x | Margin: CROSS | Balance: 28.08 USDT
[2025-06-23 04:37:34] [INFO] [__main__] - 2025-06-23 04:37:34 | SHORT işlemi gerçekleştirildi. | Sembol: AERGOUSDT | Yön: SELL | Leverage: 25x | Margin: CROSS | Balance: 27.35 USDT
[2025-06-23 04:42:13] [INFO] [__main__] - 2025-06-23 04:42:12 | SHORT işlemi gerçekleştirildi. | Sembol: TUSDT | Yön: SELL | Leverage: 25x | Margin: CROSS | Balance: 26.62 USDT
[2025-06-23 04:44:10] [INFO] [__main__] - 2025-06-23 04:44:10 | SHORT işlemi gerçekleştirildi. | Sembol: IPUSDT | Yön: SELL | Leverage: 25x | Margin: CROSS | Balance: 26.74 USDT
[2025-06-23 04:45:43] [INFO] [__main__] - 2025-06-23 04:45:43 | SHORT işlemi gerçekleştirildi. | Sembol: TUSDT | Yön: SELL | Leverage: 25x | Margin: CROSS | Balance: 26.94 USDT
[2025-06-23 04:49:45] [INFO] [__main__] - 2025-06-23 04:49:45 | SHORT işlemi gerçekleştirildi. | Sembol: IPUSDT | Yön: SELL | Leverage: 25x | Margin: CROSS | Balance: 27.07 USDT
[2025-06-23 04:54:22] [INFO] [__main__] - 2025-06-23 04:54:22 | SHORT işlemi gerçekleştirildi. | Sembol: IPUSDT | Yön: SELL | Leverage: 25x | Margin: CROSS | Balance: 26.47 USDT
[2025-06-23 05:00:09] [INFO] [__main__] - 2025-06-23 05:00:09 | SHORT işlemi gerçekleştirildi. | Sembol: AERGOUSDT | Yön: SELL | Leverage: 25x | Margin: CROSS | Balance: 26.60 USDT
[2025-06-23 05:01:47] [INFO] [__main__] - 2025-06-23 05:01:46 | SHORT işlemi gerçekleştirildi. | Sembol: FUNUSDT | Yön: SELL | Leverage: 25x | Margin: CROSS | Balance: 26.71 USDT
[2025-06-23 05:04:25] [INFO] [__main__] - 2025-06-23 05:04:25 | SHORT işlemi gerçekleştirildi. | Sembol: MUBARAKUSDT | Yön: SELL | Leverage: 25x | Margin: CROSS | Balance: 26.90 USDT
[2025-06-23 05:12:33] [INFO] [__main__] - 2025-06-23 05:12:32 | SHORT işlemi gerçekleştirildi. | Sembol: IPUSDT | Yön: SELL | Leverage: 25x | Margin: CROSS | Balance: 27.02 USDT
[2025-06-23 05:14:08] [INFO] [__main__] - 2025-06-23 05:14:08 | SHORT işlemi gerçekleştirildi. | Sembol: SUSDT | Yön: SELL | Leverage: 25x | Margin: CROSS | Balance: 27.04 USDT
[2025-06-23 05:27:06] [INFO] [__main__] - 2025-06-23 05:27:06 | SHORT işlemi gerçekleştirildi. | Sembol: FUNUSDT | Yön: SELL | Leverage: 25x | Margin: CROSS | Balance: 27.19 USDT
[2025-06-23 05:31:19] [INFO] [__main__] - 2025-06-23 05:31:18 | SHORT işlemi gerçekleştirildi. | Sembol: FUNUSDT | Yön: SELL | Leverage: 25x | Margin: CROSS | Balance: 26.54 USDT
[2025-06-23 05:35:31] [INFO] [__main__] - 2025-06-23 05:35:30 | SHORT işlemi gerçekleştirildi. | Sembol: FUNUSDT | Yön: SELL | Leverage: 25x | Margin: CROSS | Balance: 26.70 USDT
[2025-06-23 05:39:43] [INFO] [__main__] - 2025-06-23 05:39:43 | SHORT işlemi gerçekleştirildi. | Sembol: FUNUSDT | Yön: SELL | Leverage: 25x | Margin: CROSS | Balance: 26.84 USDT
[2025-06-23 05:44:58] [INFO] [__main__] - 2025-06-23 05:44:57 | SHORT işlemi gerçekleştirildi. | Sembol: FUNUSDT | Yön: SELL | Leverage: 25x | Margin: CROSS | Balance: 26.23 USDT
[2025-06-23 05:49:10] [INFO] [__main__] - 2025-06-23 05:49:09 | SHORT işlemi gerçekleştirildi. | Sembol: FUNUSDT | Yön: SELL | Leverage: 25x | Margin: CROSS | Balance: 26.26 USDT
[2025-06-23 05:52:05] [INFO] [__main__] - 2025-06-23 05:52:04 | SHORT işlemi gerçekleştirildi. | Sembol: HAEDALUSDT | Yön: SELL | Leverage: 25x | Margin: CROSS | Balance: 26.43 USDT
[2025-06-23 05:57:34] [INFO] [__main__] - 2025-06-23 05:57:33 | SHORT işlemi gerçekleştirildi. | Sembol: HAEDALUSDT | Yön: SELL | Leverage: 25x | Margin: CROSS | Balance: 26.57 USDT
[2025-06-23 06:06:45] [INFO] [__main__] - 2025-06-23 06:06:45 | SHORT işlemi gerçekleştirildi. | Sembol: IPUSDT | Yön: SELL | Leverage: 25x | Margin: CROSS | Balance: 25.91 USDT
[2025-06-23 06:22:32] [INFO] [__main__] - 2025-06-23 06:22:32 | LONG işlemi gerçekleştirildi. | Sembol: ZKJUSDT | Yön: BUY | Leverage: 25x | Margin: CROSS | Balance: 26.00 USDT
[2025-06-23 06:26:32] [INFO] [__main__] - 2025-06-23 06:26:32 | SHORT işlemi gerçekleştirildi. | Sembol: HAEDALUSDT | Yön: SELL | Leverage: 25x | Margin: CROSS | Balance: 26.13 USDT
[2025-06-23 06:38:11] [INFO] [__main__] - 2025-06-23 06:38:11 | LONG işlemi gerçekleştirildi. | Sembol: ZKJUSDT | Yön: BUY | Leverage: 25x | Margin: CROSS | Balance: 26.26 USDT
[2025-06-23 06:44:50] [INFO] [__main__] - 2025-06-23 06:44:50 | SHORT işlemi gerçekleştirildi. | Sembol: HAEDALUSDT | Yön: SELL | Leverage: 25x | Margin: CROSS | Balance: 25.63 USDT
[2025-06-23 06:49:18] [INFO] [__main__] - 2025-06-23 06:49:17 | LONG işlemi gerçekleştirildi. | Sembol: ZKJUSDT | Yön: BUY | Leverage: 25x | Margin: CROSS | Balance: 25.04 USDT
[2025-06-23 06:53:17] [INFO] [__main__] - 2025-06-23 06:53:17 | SHORT işlemi gerçekleştirildi. | Sembol: HAEDALUSDT | Yön: SELL | Leverage: 25x | Margin: CROSS | Balance: 25.19 USDT
[2025-06-23 06:57:40] [INFO] [__main__] - 2025-06-23 06:57:39 | LONG işlemi gerçekleştirildi. | Sembol: ZKJUSDT | Yön: BUY | Leverage: 25x | Margin: CROSS | Balance: 24.65 USDT
[2025-06-23 07:05:43] [INFO] [__main__] - 2025-06-23 07:05:43 | LONG işlemi gerçekleştirildi. | Sembol: ZKJUSDT | Yön: BUY | Leverage: 25x | Margin: CROSS | Balance: 24.01 USDT
[2025-06-23 07:32:59] [INFO] [__main__] - 2025-06-23 07:32:58 | SHORT işlemi gerçekleştirildi. | Sembol: SQDUSDT | Yön: SELL | Leverage: 25x | Margin: CROSS | Balance: 24.16 USDT
[2025-06-23 07:43:18] [INFO] [__main__] - 2025-06-23 07:43:18 | SHORT işlemi gerçekleştirildi. | Sembol: MYXUSDT | Yön: SELL | Leverage: 25x | Margin: CROSS | Balance: 23.56 USDT
[2025-06-23 07:46:13] [INFO] [__main__] - 2025-06-23 07:46:13 | SHORT işlemi gerçekleştirildi. | Sembol: HAEDALUSDT | Yön: SELL | Leverage: 25x | Margin: CROSS | Balance: 23.68 USDT
[2025-06-23 07:52:12] [INFO] [__main__] - 2025-06-23 07:52:11 | SHORT işlemi gerçekleştirildi. | Sembol: SQDUSDT | Yön: SELL | Leverage: 25x | Margin: CROSS | Balance: 23.07 USDT
[2025-06-23 08:01:17] [INFO] [__main__] - 2025-06-23 08:01:17 | SHORT işlemi gerçekleştirildi. | Sembol: HAEDALUSDT | Yön: SELL | Leverage: 25x | Margin: CROSS | Balance: 23.23 USDT
[2025-06-23 08:03:04] [INFO] [__main__] - 2025-06-23 08:03:03 | SHORT işlemi gerçekleştirildi. | Sembol: TRBUSDT | Yön: SELL | Leverage: 25x | Margin: CROSS | Balance: 23.39 USDT
[2025-06-23 10:03:29] [INFO] [__main__] - 2025-06-23 10:03:29 | SHORT işlemi gerçekleştirildi. | Sembol: HUMAUSDT | Yön: SELL | Leverage: 25x | Margin: CROSS | Balance: 22.82 USDT
[2025-06-23 10:05:33] [INFO] [__main__] - 2025-06-23 10:05:33 | SHORT işlemi gerçekleştirildi. | Sembol: FORMUSDT | Yön: SELL | Leverage: 25x | Margin: CROSS | Balance: 22.78 USDT
[2025-06-23 10:17:17] [INFO] [__main__] - 2025-06-23 10:17:17 | SHORT işlemi gerçekleştirildi. | Sembol: TURBOUSDT | Yön: SELL | Leverage: 25x | Margin: CROSS | Balance: 22.22 USDT
[2025-06-23 10:26:38] [INFO] [__main__] - 2025-06-23 10:26:37 | LONG işlemi gerçekleştirildi. | Sembol: TIAUSDT | Yön: BUY | Leverage: 25x | Margin: CROSS | Balance: 22.21 USDT
[2025-06-23 10:31:11] [INFO] [__main__] - 2025-06-23 10:31:10 | SHORT işlemi gerçekleştirildi. | Sembol: SPXUSDT | Yön: SELL | Leverage: 25x | Margin: CROSS | Balance: 22.33 USDT
[2025-06-23 10:33:09] [INFO] [__main__] - 2025-06-23 10:33:09 | LONG işlemi gerçekleştirildi. | Sembol: DOTUSDT | Yön: BUY | Leverage: 25x | Margin: CROSS | Balance: 22.33 USDT
[2025-06-23 10:34:42] [INFO] [__main__] - 2025-06-23 10:34:41 | LONG işlemi gerçekleştirildi. | Sembol: TUSDT | Yön: BUY | Leverage: 25x | Margin: CROSS | Balance: 22.43 USDT
[2025-06-23 10:45:20] [INFO] [__main__] - 2025-06-23 10:45:20 | LONG işlemi gerçekleştirildi. | Sembol: THETAUSDT | Yön: BUY | Leverage: 25x | Margin: CROSS | Balance: 22.59 USDT
[2025-06-23 10:47:18] [INFO] [__main__] - 2025-06-23 10:47:18 | SHORT işlemi gerçekleştirildi. | Sembol: SPKUSDT | Yön: SELL | Leverage: 25x | Margin: CROSS | Balance: 22.58 USDT
[2025-06-23 10:51:38] [INFO] [__main__] - 2025-06-23 10:51:38 | SHORT işlemi gerçekleştirildi. | Sembol: TRXUSDT | Yön: SELL | Leverage: 25x | Margin: CROSS | Balance: 24.29 USDT
[2025-06-23 10:56:31] [INFO] [__main__] - 2025-06-23 10:56:30 | LONG işlemi gerçekleştirildi. | Sembol: GPSUSDT | Yön: BUY | Leverage: 25x | Margin: CROSS | Balance: 24.28 USDT
[2025-06-23 10:58:53] [INFO] [__main__] - 2025-06-23 10:58:53 | SHORT işlemi gerçekleştirildi. | Sembol: HOMEUSDT | Yön: SELL | Leverage: 25x | Margin: CROSS | Balance: 24.33 USDT
[2025-06-23 11:04:32] [INFO] [__main__] - 2025-06-23 11:04:32 | SHORT işlemi gerçekleştirildi. | Sembol: PAXGUSDT | Yön: SELL | Leverage: 25x | Margin: CROSS | Balance: 23.99 USDT
[2025-06-23 11:06:59] [INFO] [__main__] - 2025-06-23 11:06:59 | SHORT işlemi gerçekleştirildi. | Sembol: SIGNUSDT | Yön: SELL | Leverage: 25x | Margin: CROSS | Balance: 24.11 USDT
[2025-06-23 11:12:17] [INFO] [__main__] - 2025-06-23 11:12:16 | SHORT işlemi gerçekleştirildi. | Sembol: WCTUSDT | Yön: SELL | Leverage: 25x | Margin: CROSS | Balance: 24.16 USDT
[2025-06-23 11:13:55] [INFO] [__main__] - 2025-06-23 11:13:54 | SHORT işlemi gerçekleştirildi. | Sembol: AUSDT | Yön: SELL | Leverage: 25x | Margin: CROSS | Balance: 24.13 USDT
[2025-06-23 11:20:33] [INFO] [__main__] - 2025-06-23 11:20:33 | LONG işlemi gerçekleştirildi. | Sembol: MYXUSDT | Yön: BUY | Leverage: 25x | Margin: CROSS | Balance: 24.28 USDT
[2025-06-23 11:22:01] [INFO] [__main__] - 2025-06-23 11:22:01 | LONG işlemi gerçekleştirildi. | Sembol: MYXUSDT | Yön: BUY | Leverage: 25x | Margin: CROSS | Balance: 24.50 USDT
[2025-06-23 11:33:28] [INFO] [__main__] - 2025-06-23 11:33:28 | LONG işlemi gerçekleştirildi. | Sembol: POPCATUSDT | Yön: BUY | Leverage: 25x | Margin: CROSS | Balance: 24.09 USDT
[2025-06-23 11:34:56] [INFO] [__main__] - 2025-06-23 11:34:55 | LONG işlemi gerçekleştirildi. | Sembol: AXSUSDT | Yön: BUY | Leverage: 25x | Margin: CROSS | Balance: 24.06 USDT
[2025-06-23 11:36:22] [INFO] [__main__] - 2025-06-23 11:36:22 | LONG işlemi gerçekleştirildi. | Sembol: PYTHUSDT | Yön: BUY | Leverage: 25x | Margin: CROSS | Balance: 24.06 USDT
[2025-06-23 11:38:29] [INFO] [__main__] - 2025-06-23 11:38:29 | LONG işlemi gerçekleştirildi. | Sembol: PNUTUSDT | Yön: BUY | Leverage: 25x | Margin: CROSS | Balance: 24.05 USDT
[2025-06-23 11:47:29] [INFO] [__main__] - 2025-06-23 11:47:29 | SHORT işlemi gerçekleştirildi. | Sembol: ETCUSDT | Yön: SELL | Leverage: 25x | Margin: CROSS | Balance: 24.31 USDT
[2025-06-23 11:49:34] [INFO] [__main__] - 2025-06-23 11:49:33 | SHORT işlemi gerçekleştirildi. | Sembol: ENSUSDT | Yön: SELL | Leverage: 25x | Margin: CROSS | Balance: 24.27 USDT
[2025-06-23 11:51:51] [INFO] [__main__] - 2025-06-23 11:51:50 | SHORT işlemi gerçekleştirildi. | Sembol: MKRUSDT | Yön: SELL | Leverage: 25x | Margin: CROSS | Balance: 24.24 USDT
[2025-06-23 11:58:22] [INFO] [__main__] - 2025-06-23 11:58:21 | LONG işlemi gerçekleştirildi. | Sembol: TUSDT | Yön: BUY | Leverage: 25x | Margin: CROSS | Balance: 24.21 USDT
[2025-06-23 12:00:08] [INFO] [__main__] - 2025-06-23 12:00:08 | SHORT işlemi gerçekleştirildi. | Sembol: ETHFIUSDT | Yön: SELL | Leverage: 25x | Margin: CROSS | Balance: 23.86 USDT
[2025-06-23 12:02:30] [INFO] [__main__] - 2025-06-23 12:02:30 | LONG işlemi gerçekleştirildi. | Sembol: SIRENUSDT | Yön: BUY | Leverage: 25x | Margin: CROSS | Balance: 23.87 USDT
[2025-06-23 12:07:25] [INFO] [__main__] - 2025-06-23 12:07:25 | LONG işlemi gerçekleştirildi. | Sembol: SIRENUSDT | Yön: BUY | Leverage: 25x | Margin: CROSS | Balance: 23.40 USDT
[2025-06-23 12:09:36] [INFO] [__main__] - 2025-06-23 12:09:36 | LONG işlemi gerçekleştirildi. | Sembol: XMRUSDT | Yön: BUY | Leverage: 25x | Margin: CROSS | Balance: 23.45 USDT
[2025-06-23 12:11:29] [INFO] [__main__] - 2025-06-23 12:11:28 | LONG işlemi gerçekleştirildi. | Sembol: APEUSDT | Yön: BUY | Leverage: 25x | Margin: CROSS | Balance: 23.43 USDT
[2025-06-23 12:13:08] [INFO] [__main__] - 2025-06-23 12:13:08 | LONG işlemi gerçekleştirildi. | Sembol: BTCUSDT | Yön: BUY | Leverage: 25x | Margin: CROSS | Balance: 23.40 USDT
[2025-06-23 12:14:37] [INFO] [__main__] - 2025-06-23 12:14:37 | SHORT işlemi gerçekleştirildi. | Sembol: NXPCUSDT | Yön: SELL | Leverage: 25x | Margin: CROSS | Balance: 23.37 USDT
[2025-06-23 12:16:26] [INFO] [__main__] - 2025-06-23 12:16:25 | SHORT işlemi gerçekleştirildi. | Sembol: ZROUSDT | Yön: SELL | Leverage: 25x | Margin: CROSS | Balance: 23.03 USDT
[2025-06-23 12:17:55] [INFO] [__main__] - 2025-06-23 12:17:55 | SHORT işlemi gerçekleştirildi. | Sembol: AXSUSDT | Yön: SELL | Leverage: 25x | Margin: CROSS | Balance: 22.74 USDT
[2025-06-23 12:19:39] [INFO] [__main__] - 2025-06-23 12:19:39 | SHORT işlemi gerçekleştirildi. | Sembol: ARBUSDT | Yön: SELL | Leverage: 25x | Margin: CROSS | Balance: 22.78 USDT
[2025-06-23 12:26:41] [INFO] [__main__] - 2025-06-23 12:26:41 | LONG işlemi gerçekleştirildi. | Sembol: ONDOUSDT | Yön: BUY | Leverage: 25x | Margin: CROSS | Balance: 22.80 USDT
[2025-06-23 12:28:16] [INFO] [__main__] - 2025-06-23 12:28:15 | LONG işlemi gerçekleştirildi. | Sembol: TURBOUSDT | Yön: BUY | Leverage: 25x | Margin: CROSS | Balance: 22.77 USDT
[2025-06-23 12:29:55] [INFO] [__main__] - 2025-06-23 12:29:54 | LONG işlemi gerçekleştirildi. | Sembol: JTOUSDT | Yön: BUY | Leverage: 25x | Margin: CROSS | Balance: 22.77 USDT
[2025-06-23 12:31:26] [INFO] [__main__] - 2025-06-23 12:31:25 | LONG işlemi gerçekleştirildi. | Sembol: TUSDT | Yön: BUY | Leverage: 25x | Margin: CROSS | Balance: 22.78 USDT
[2025-06-23 12:33:41] [INFO] [__main__] - 2025-06-23 12:33:41 | SHORT işlemi gerçekleştirildi. | Sembol: ZKJUSDT | Yön: SELL | Leverage: 25x | Margin: CROSS | Balance: 22.93 USDT
[2025-06-23 12:40:21] [INFO] [__main__] - 2025-06-23 12:40:21 | SHORT işlemi gerçekleştirildi. | Sembol: ARBUSDT | Yön: SELL | Leverage: 25x | Margin: CROSS | Balance: 23.01 USDT
[2025-06-23 12:42:24] [INFO] [__main__] - 2025-06-23 12:42:24 | SHORT işlemi gerçekleştirildi. | Sembol: COOKIEUSDT | Yön: SELL | Leverage: 25x | Margin: CROSS | Balance: 23.00 USDT
[2025-06-23 12:51:19] [INFO] [__main__] - 2025-06-23 12:51:19 | SHORT işlemi gerçekleştirildi. | Sembol: ETCUSDT | Yön: SELL | Leverage: 25x | Margin: CROSS | Balance: 22.98 USDT
[2025-06-23 12:53:30] [INFO] [__main__] - 2025-06-23 12:53:29 | SHORT işlemi gerçekleştirildi. | Sembol: XLMUSDT | Yön: SELL | Leverage: 25x | Margin: CROSS | Balance: 22.98 USDT
[2025-06-23 12:55:06] [INFO] [__main__] - 2025-06-23 12:55:06 | SHORT işlemi gerçekleştirildi. | Sembol: LTCUSDT | Yön: SELL | Leverage: 25x | Margin: CROSS | Balance: 22.94 USDT
[2025-06-23 13:20:22] [INFO] [__main__] - 2025-06-23 13:20:21 | SHORT işlemi gerçekleştirildi. | Sembol: HOMEUSDT | Yön: SELL | Leverage: 25x | Margin: CROSS | Balance: 23.14 USDT
[2025-06-23 13:30:13] [INFO] [__main__] - 2025-06-23 13:30:13 | SHORT işlemi gerçekleştirildi. | Sembol: RESOLVUSDT | Yön: SELL | Leverage: 25x | Margin: CROSS | Balance: 23.12 USDT
[2025-06-23 13:32:10] [INFO] [__main__] - 2025-06-23 13:32:10 | LONG işlemi gerçekleştirildi. | Sembol: NOTUSDT | Yön: BUY | Leverage: 25x | Margin: CROSS | Balance: 23.12 USDT
[2025-06-23 13:39:01] [INFO] [__main__] - 2025-06-23 13:39:01 | SHORT işlemi gerçekleştirildi. | Sembol: XRPUSDT | Yön: SELL | Leverage: 25x | Margin: CROSS | Balance: 23.10 USDT
[2025-06-23 13:40:58] [INFO] [__main__] - 2025-06-23 13:40:58 | SHORT işlemi gerçekleştirildi. | Sembol: NOTUSDT | Yön: SELL | Leverage: 25x | Margin: CROSS | Balance: 23.10 USDT
[2025-06-23 13:43:29] [INFO] [__main__] - 2025-06-23 13:43:29 | SHORT işlemi gerçekleştirildi. | Sembol: SIGNUSDT | Yön: SELL | Leverage: 25x | Margin: CROSS | Balance: 23.10 USDT
[2025-06-23 13:47:22] [INFO] [__main__] - 2025-06-23 13:47:22 | SHORT işlemi gerçekleştirildi. | Sembol: GPSUSDT | Yön: SELL | Leverage: 25x | Margin: CROSS | Balance: 23.06 USDT
[2025-06-23 13:49:16] [INFO] [__main__] - 2025-06-23 13:49:15 | SHORT işlemi gerçekleştirildi. | Sembol: DOGEUSDT | Yön: SELL | Leverage: 25x | Margin: CROSS | Balance: 23.06 USDT
[2025-06-23 13:51:20] [INFO] [__main__] - 2025-06-23 13:51:20 | SHORT işlemi gerçekleştirildi. | Sembol: BNBUSDT | Yön: SELL | Leverage: 25x | Margin: CROSS | Balance: 23.04 USDT
[2025-06-23 13:53:14] [INFO] [__main__] - 2025-06-23 13:53:13 | SHORT işlemi gerçekleştirildi. | Sembol: DOGEUSDT | Yön: SELL | Leverage: 25x | Margin: CROSS | Balance: 23.04 USDT
[2025-06-23 13:55:40] [INFO] [__main__] - 2025-06-23 13:55:39 | SHORT işlemi gerçekleştirildi. | Sembol: SEIUSDT | Yön: SELL | Leverage: 25x | Margin: CROSS | Balance: 23.02 USDT
[2025-06-23 14:05:03] [INFO] [__main__] - 2025-06-23 14:05:02 | SHORT işlemi gerçekleştirildi. | Sembol: GPSUSDT | Yön: SELL | Leverage: 25x | Margin: CROSS | Balance: 23.52 USDT
[2025-06-23 14:19:45] [INFO] [__main__] - 2025-06-23 14:19:44 | SHORT işlemi gerçekleştirildi. | Sembol: SEIUSDT | Yön: SELL | Leverage: 25x | Margin: CROSS | Balance: 23.93 USDT
[2025-06-23 14:31:39] [INFO] [__main__] - 2025-06-23 14:31:38 | SHORT işlemi gerçekleştirildi. | Sembol: ONDOUSDT | Yön: SELL | Leverage: 25x | Margin: CROSS | Balance: 23.91 USDT
[2025-06-23 14:34:14] [INFO] [__main__] - 2025-06-23 14:34:13 | SHORT işlemi gerçekleştirildi. | Sembol: ICPUSDT | Yön: SELL | Leverage: 25x | Margin: CROSS | Balance: 24.83 USDT
[2025-06-23 14:36:37] [INFO] [__main__] - 2025-06-23 14:36:36 | SHORT işlemi gerçekleştirildi. | Sembol: SIGNUSDT | Yön: SELL | Leverage: 25x | Margin: CROSS | Balance: 24.80 USDT
[2025-06-23 14:50:36] [INFO] [__main__] - 2025-06-23 14:50:36 | SHORT işlemi gerçekleştirildi. | Sembol: BNBUSDT | Yön: SELL | Leverage: 25x | Margin: CROSS | Balance: 25.16 USDT
[2025-06-23 15:02:25] [INFO] [__main__] - 2025-06-23 15:02:25 | LONG işlemi gerçekleştirildi. | Sembol: COOKIEUSDT | Yön: BUY | Leverage: 25x | Margin: CROSS | Balance: 25.17 USDT
[2025-06-23 15:04:19] [INFO] [__main__] - 2025-06-23 15:04:19 | LONG işlemi gerçekleştirildi. | Sembol: COOKIEUSDT | Yön: BUY | Leverage: 25x | Margin: CROSS | Balance: 25.17 USDT
[2025-06-23 15:31:20] [INFO] [__main__] - 2025-06-23 15:31:20 | LONG işlemi gerçekleştirildi. | Sembol: BIDUSDT | Yön: BUY | Leverage: 25x | Margin: CROSS | Balance: 25.17 USDT
[2025-06-23 15:33:36] [INFO] [__main__] - 2025-06-23 15:33:36 | LONG işlemi gerçekleştirildi. | Sembol: BIDUSDT | Yön: BUY | Leverage: 25x | Margin: CROSS | Balance: 25.17 USDT
[2025-06-23 15:35:53] [INFO] [__main__] - 2025-06-23 15:35:52 | LONG işlemi gerçekleştirildi. | Sembol: BIDUSDT | Yön: BUY | Leverage: 25x | Margin: CROSS | Balance: 25.17 USDT
[2025-06-23 15:38:09] [INFO] [__main__] - 2025-06-23 15:38:09 | LONG işlemi gerçekleştirildi. | Sembol: BIDUSDT | Yön: BUY | Leverage: 25x | Margin: CROSS | Balance: 25.17 USDT
[2025-06-23 15:40:25] [INFO] [__main__] - 2025-06-23 15:40:25 | LONG işlemi gerçekleştirildi. | Sembol: BIDUSDT | Yön: BUY | Leverage: 25x | Margin: CROSS | Balance: 23.68 USDT
[2025-06-23 15:42:42] [INFO] [__main__] - 2025-06-23 15:42:42 | LONG işlemi gerçekleştirildi. | Sembol: BIDUSDT | Yön: BUY | Leverage: 25x | Margin: CROSS | Balance: 21.37 USDT
[2025-06-23 15:45:00] [INFO] [__main__] - 2025-06-23 15:45:00 | LONG işlemi gerçekleştirildi. | Sembol: BIDUSDT | Yön: BUY | Leverage: 25x | Margin: CROSS | Balance: 21.37 USDT
[2025-06-23 15:46:32] [INFO] [__main__] - 2025-06-23 15:46:32 | LONG işlemi gerçekleştirildi. | Sembol: ATOMUSDT | Yön: BUY | Leverage: 25x | Margin: CROSS | Balance: 21.37 USDT
[2025-06-23 15:48:10] [INFO] [__main__] - 2025-06-23 15:48:09 | LONG işlemi gerçekleştirildi. | Sembol: ATOMUSDT | Yön: BUY | Leverage: 25x | Margin: CROSS | Balance: 16.33 USDT
[2025-06-23 15:50:08] [INFO] [__main__] - 2025-06-23 15:50:08 | LONG işlemi gerçekleştirildi. | Sembol: TONUSDT | Yön: BUY | Leverage: 25x | Margin: CROSS | Balance: 16.30 USDT
[2025-06-23 15:52:09] [INFO] [__main__] - 2025-06-23 15:52:08 | LONG işlemi gerçekleştirildi. | Sembol: GOATUSDT | Yön: BUY | Leverage: 25x | Margin: CROSS | Balance: 16.28 USDT
[2025-06-23 15:54:21] [INFO] [__main__] - 2025-06-23 15:54:21 | LONG işlemi gerçekleştirildi. | Sembol: ALGOUSDT | Yön: BUY | Leverage: 25x | Margin: CROSS | Balance: 16.28 USDT
[2025-06-23 16:00:46] [INFO] [__main__] - 2025-06-23 16:00:46 | LONG işlemi gerçekleştirildi. | Sembol: AXSUSDT | Yön: BUY | Leverage: 25x | Margin: CROSS | Balance: 16.44 USDT
[2025-06-23 16:02:16] [INFO] [__main__] - 2025-06-23 16:02:16 | LONG işlemi gerçekleştirildi. | Sembol: SUSHIUSDT | Yön: BUY | Leverage: 25x | Margin: CROSS | Balance: 16.42 USDT
[2025-06-23 16:03:48] [INFO] [__main__] - 2025-06-23 16:03:48 | LONG işlemi gerçekleştirildi. | Sembol: JUPUSDT | Yön: BUY | Leverage: 25x | Margin: CROSS | Balance: 16.40 USDT
[2025-06-23 16:05:21] [INFO] [__main__] - 2025-06-23 16:05:21 | LONG işlemi gerçekleştirildi. | Sembol: TURBOUSDT | Yön: BUY | Leverage: 25x | Margin: CROSS | Balance: 16.38 USDT
[2025-06-23 16:06:55] [INFO] [__main__] - 2025-06-23 16:06:55 | LONG işlemi gerçekleştirildi. | Sembol: SUSDT | Yön: BUY | Leverage: 25x | Margin: CROSS | Balance: 16.38 USDT
[2025-06-23 16:08:33] [INFO] [__main__] - 2025-06-23 16:08:33 | LONG işlemi gerçekleştirildi. | Sembol: LTCUSDT | Yön: BUY | Leverage: 25x | Margin: CROSS | Balance: 16.53 USDT
[2025-06-23 16:10:12] [INFO] [__main__] - 2025-06-23 16:10:11 | LONG işlemi gerçekleştirildi. | Sembol: ETCUSDT | Yön: BUY | Leverage: 25x | Margin: CROSS | Balance: 16.52 USDT
[2025-06-23 16:11:58] [INFO] [__main__] - 2025-06-23 16:11:58 | LONG işlemi gerçekleştirildi. | Sembol: OPUSDT | Yön: BUY | Leverage: 25x | Margin: CROSS | Balance: 16.52 USDT
[2025-06-23 16:13:45] [INFO] [__main__] - 2025-06-23 16:13:45 | LONG işlemi gerçekleştirildi. | Sembol: OPUSDT | Yön: BUY | Leverage: 25x | Margin: CROSS | Balance: 16.52 USDT
[2025-06-23 16:15:36] [INFO] [__main__] - 2025-06-23 16:15:36 | LONG işlemi gerçekleştirildi. | Sembol: TONUSDT | Yön: BUY | Leverage: 25x | Margin: CROSS | Balance: 16.52 USDT
[2025-06-23 16:17:28] [INFO] [__main__] - 2025-06-23 16:17:28 | LONG işlemi gerçekleştirildi. | Sembol: TONUSDT | Yön: BUY | Leverage: 25x | Margin: CROSS | Balance: 16.52 USDT
[2025-06-23 16:21:49] [INFO] [__main__] - 2025-06-23 16:21:48 | SHORT işlemi gerçekleştirildi. | Sembol: TONUSDT | Yön: SELL | Leverage: 25x | Margin: CROSS | Balance: 16.52 USDT
[2025-06-23 16:23:41] [INFO] [__main__] - 2025-06-23 16:23:41 | SHORT işlemi gerçekleştirildi. | Sembol: TONUSDT | Yön: SELL | Leverage: 25x | Margin: CROSS | Balance: 16.52 USDT
[2025-06-23 16:26:09] [INFO] [__main__] - 2025-06-23 16:26:09 | SHORT işlemi gerçekleştirildi. | Sembol: TONUSDT | Yön: SELL | Leverage: 25x | Margin: CROSS | Balance: 16.52 USDT
[2025-06-23 16:28:03] [INFO] [__main__] - 2025-06-23 16:28:03 | SHORT işlemi gerçekleştirildi. | Sembol: TONUSDT | Yön: SELL | Leverage: 25x | Margin: CROSS | Balance: 13.56 USDT
[2025-06-23 16:46:24] [INFO] [__main__] - 2025-06-23 16:46:24 | SHORT işlemi gerçekleştirildi. | Sembol: DYDXUSDT | Yön: SELL | Leverage: 25x | Margin: CROSS | Balance: 13.44 USDT
[2025-06-23 16:47:53] [INFO] [__main__] - 2025-06-23 16:47:52 | SHORT işlemi gerçekleştirildi. | Sembol: AXSUSDT | Yön: SELL | Leverage: 25x | Margin: CROSS | Balance: 13.41 USDT
[2025-06-23 16:49:18] [INFO] [__main__] - 2025-06-23 16:49:17 | SHORT işlemi gerçekleştirildi. | Sembol: DYDXUSDT | Yön: SELL | Leverage: 25x | Margin: CROSS | Balance: 13.24 USDT
[2025-07-15 09:21:13] [WARNING] [__main__] - API bağlantısı başarısız. Kontrol edin.
[2025-07-15 09:21:15] [WARNING] [__main__] - API bağlantısı başarısız. Kontrol edin.
[2025-07-15 09:21:17] [WARNING] [__main__] - API bağlantısı başarısız. Kontrol edin.
[2025-07-15 09:21:19] [WARNING] [__main__] - API bağlantısı başarısız. Kontrol edin.
[2025-07-15 09:21:21] [WARNING] [__main__] - API bağlantısı başarısız. Kontrol edin.
[2025-07-15 09:21:23] [WARNING] [__main__] - API bağlantısı başarısız. Kontrol edin.
[2025-07-15 09:21:25] [WARNING] [__main__] - API bağlantısı başarısız. Kontrol edin.
[2025-07-15 09:21:27] [WARNING] [__main__] - API bağlantısı başarısız. Kontrol edin.
[2025-07-15 09:21:29] [WARNING] [__main__] - API bağlantısı başarısız. Kontrol edin.
